Bad Checksum - idPage: 0, tyPage: 0, iPage: 0
Source      : C:\Users\Programcý Herif\Desktop\Yeni klasör\fuki\VT1.bak
Destination : C:\Users\PROGRA~1\AppData\Local\Temp\sql4462.tmp
Repairing - verMajor: 2, verMinor: 1415, verBuild: 16516, verPoint: 65370
Time - 2017-05-05 22:14:32.414
Database format in database header page is corrupt (or not a database file)
File size is not aligned to 4k boundary - Size: 3120640
Bad Checksum - idPage: 0, tyPage: 0, iPage: 80
Bad Checksum - idPage: 1, tyPage: 0, iPage: 659
Bad Checksum - idPage: 2, tyPage: 0, iPage: 100
Bad Checksum - idPage: 3, tyPage: 0, iPage: 102
Bad Checksum - idPage: 4, tyPage: 0, iPage: 417
Bad Checksum - idPage: 6, tyPage: 0, iPage: 512
Bad Checksum - idPage: 7, tyPage: 0, iPage: 64
Bad Checksum - idPage: 8, tyPage: 0, iPage: 478
Bad Checksum - idPage: 10, tyPage: 0, iPage: 217
Bad Checksum - idPage: 11, tyPage: 0, iPage: 98
Bad Checksum - idPage: 12, tyPage: 0, iPage: 424
Bad Checksum - idPage: 13, tyPage: 0, iPage: 616
Bad Checksum - idPage: 16, tyPage: 1, iPage: 148
Bad Checksum - idPage: 32, tyPage: 0, iPage: 275
Bad Checksum - idPage: 34, tyPage: 0, iPage: 279
Bad Checksum - idPage: 48, tyPage: 3, iPage: 365
Bad Checksum - idPage: 61, tyPage: 0, iPage: 507
Bad Checksum - idPage: 63, tyPage: 0, iPage: 117
Bad Checksum - idPage: 67, tyPage: 0, iPage: 258
Bad Checksum - idPage: 121, tyPage: 7, iPage: 623
Bad Checksum - idPage: 256, tyPage: 0, iPage: 541
Bad Checksum - idPage: 319, tyPage: 0, iPage: 121
Bad Checksum - idPage: 384, tyPage: 0, iPage: 138
Bad Checksum - idPage: 512, tyPage: 0, iPage: 433
Bad Checksum - idPage: 575, tyPage: 0, iPage: 511
Bad Checksum - idPage: 768, tyPage: 0, iPage: 84
Bad Checksum - idPage: 1024, tyPage: 0, iPage: 232
Bad Checksum - idPage: 2048, tyPage: 0, iPage: 220
Bad Checksum - idPage: 2560, tyPage: 0, iPage: 606
Bad Checksum - idPage: 2624, tyPage: 0, iPage: 532
Bad Checksum - idPage: 5120, tyPage: 0, iPage: 503
Bad Checksum - idPage: 6144, tyPage: 0, iPage: 664
Bad Checksum - idPage: 6198, tyPage: 0, iPage: 158
Bad Checksum - idPage: 6656, tyPage: 0, iPage: 672
Bad Checksum - idPage: 8192, tyPage: 0, iPage: 274
Bad Checksum - idPage: 8448, tyPage: 0, iPage: 457
Bad Checksum - idPage: 8704, tyPage: 0, iPage: 667
Bad Checksum - idPage: 8758, tyPage: 0, iPage: 337
Bad Checksum - idPage: 8960, tyPage: 0, iPage: 694
Bad Checksum - idPage: 9984, tyPage: 0, iPage: 251
Bad Checksum - idPage: 11520, tyPage: 0, iPage: 472
Bad Checksum - idPage: 12032, tyPage: 0, iPage: 164
Bad Checksum - idPage: 12288, tyPage: 0, iPage: 113
Bad Checksum - idPage: 12544, tyPage: 0, iPage: 108
Bad Checksum - idPage: 12800, tyPage: 0, iPage: 466
Bad Checksum - idPage: 12854, tyPage: 0, iPage: 700
Bad Checksum - idPage: 15104, tyPage: 0, iPage: 508
Bad Checksum - idPage: 16256, tyPage: 0, iPage: 357
Bad Checksum - idPage: 16576, tyPage: 0, iPage: 677
Bad Checksum - idPage: 20992, tyPage: 0, iPage: 589
Bad Checksum - idPage: 21248, tyPage: 2, iPage: 235
Bad Checksum - idPage: 21504, tyPage: 0, iPage: 601
Bad Checksum - idPage: 22784, tyPage: 0, iPage: 449
Bad Checksum - idPage: 24832, tyPage: 0, iPage: 76
Bad Checksum - idPage: 26112, tyPage: 0, iPage: 77
Bad Checksum - idPage: 26368, tyPage: 0, iPage: 135
Bad Checksum - idPage: 28416, tyPage: 0, iPage: 505
Bad Checksum - idPage: 28672, tyPage: 0, iPage: 290
Bad Checksum - idPage: 29184, tyPage: 0, iPage: 510
Bad Checksum - idPage: 49922, tyPage: 0, iPage: 687
Bad Checksum - idPage: 63488, tyPage: 0, iPage: 38
Bad Checksum - idPage: 65536, tyPage: 0, iPage: 267
Bad Checksum - idPage: 65552, tyPage: 1, iPage: 129
Bad Checksum - idPage: 65613, tyPage: 4, iPage: 340
Bad Checksum - idPage: 65637, tyPage: 7, iPage: 314
Bad Checksum - idPage: 65652, tyPage: 6, iPage: 233
Bad Checksum - idPage: 74017, tyPage: 2, iPage: 32
Bad Checksum - idPage: 80640, tyPage: 0, iPage: 461
Bad Checksum - idPage: 80902, tyPage: 6, iPage: 286
Bad Checksum - idPage: 98304, tyPage: 4, iPage: 29
Bad Checksum - idPage: 131072, tyPage: 0, iPage: 497
Bad Checksum - idPage: 131184, tyPage: 7, iPage: 298
Bad Checksum - idPage: 196608, tyPage: 0, iPage: 282
Bad Checksum - idPage: 196611, tyPage: 0, iPage: 104
Bad Checksum - idPage: 196658, tyPage: 5, iPage: 302
Bad Checksum - idPage: 196710, tyPage: 6, iPage: 156
Bad Checksum - idPage: 196725, tyPage: 7, iPage: 525
Bad Checksum - idPage: 196727, tyPage: 7, iPage: 315
Bad Checksum - idPage: 218368, tyPage: 9, iPage: 573
Bad Checksum - idPage: 262144, tyPage: 8, iPage: 487
Bad Checksum - idPage: 262160, tyPage: 7, iPage: 465
Bad Checksum - idPage: 262249, tyPage: 6, iPage: 615
Bad Checksum - idPage: 327681, tyPage: 1, iPage: 379
Bad Checksum - idPage: 327789, tyPage: 6, iPage: 294
Bad Checksum - idPage: 327795, tyPage: 7, iPage: 609
Bad Checksum - idPage: 327831, tyPage: 5, iPage: 184
Bad Checksum - idPage: 393317, tyPage: 6, iPage: 242
Bad Checksum - idPage: 393331, tyPage: 2, iPage: 683
Bad Checksum - idPage: 393337, tyPage: 2, iPage: 328
Bad Checksum - idPage: 421004, tyPage: 11, iPage: 537
Bad Checksum - idPage: 445351, tyPage: 7, iPage: 307
Bad Checksum - idPage: 458752, tyPage: 14, iPage: 139
Bad Checksum - idPage: 458753, tyPage: 3, iPage: 250
Bad Checksum - idPage: 466976, tyPage: 4, iPage: 593
Bad Checksum - idPage: 500616, tyPage: 5, iPage: 20
Bad Checksum - idPage: 524288, tyPage: 4, iPage: 116
Bad Checksum - idPage: 524344, tyPage: 3, iPage: 482
Bad Checksum - idPage: 524632, tyPage: 5, iPage: 484
Bad Checksum - idPage: 589824, tyPage: 1, iPage: 355
Bad Checksum - idPage: 589825, tyPage: 0, iPage: 371
Bad Checksum - idPage: 589840, tyPage: 1, iPage: 196
Bad Checksum - idPage: 589932, tyPage: 6, iPage: 610
Bad Checksum - idPage: 655360, tyPage: 7, iPage: 523
Bad Checksum - idPage: 655361, tyPage: 4, iPage: 234
Bad Checksum - idPage: 655458, tyPage: 6, iPage: 528
Bad Checksum - idPage: 658434, tyPage: 4, iPage: 504
Bad Checksum - idPage: 673288, tyPage: 8, iPage: 477
Bad Checksum - idPage: 691470, tyPage: 1, iPage: 520
Bad Checksum - idPage: 709633, tyPage: 9, iPage: 30
Bad Checksum - idPage: 722432, tyPage: 3, iPage: 655
Bad Checksum - idPage: 777550, tyPage: 0, iPage: 3
Bad Checksum - idPage: 786540, tyPage: 10, iPage: 538
Bad Checksum - idPage: 786551, tyPage: 6, iPage: 216
Bad Checksum - idPage: 811381, tyPage: 6, iPage: 180
Bad Checksum - idPage: 851968, tyPage: 1, iPage: 439
Bad Checksum - idPage: 852016, tyPage: 2, iPage: 227
Bad Checksum - idPage: 852050, tyPage: 4, iPage: 188
Bad Checksum - idPage: 852069, tyPage: 6, iPage: 168
Bad Checksum - idPage: 917505, tyPage: 1, iPage: 699
Bad Checksum - idPage: 917552, tyPage: 2, iPage: 134
Bad Checksum - idPage: 917609, tyPage: 6, iPage: 557
Bad Checksum - idPage: 917615, tyPage: 6, iPage: 318
Bad Checksum - idPage: 917619, tyPage: 6, iPage: 311
Bad Checksum - idPage: 983040, tyPage: 5, iPage: 652
Bad Checksum - idPage: 983141, tyPage: 2, iPage: 553
Bad Checksum - idPage: 1015808, tyPage: 3, iPage: 695
Bad Checksum - idPage: 1048575, tyPage: 15, iPage: 6

